<?xml version="1.0" encoding="UTF-8"?>
<testng-results skipped="0" failed="0" total="2" passed="2">
  <reporter-output>
  </reporter-output>
  <suite name="Default suite" duration-ms="24855" started-at="2019-03-01T11:59:11Z" finished-at="2019-03-01T11:59:35Z">
    <groups>
    </groups>
    <test name="Default test" duration-ms="24855" started-at="2019-03-01T11:59:11Z" finished-at="2019-03-01T11:59:35Z">
      <class name="org.vms.testscripts.CreateRoleTypeTest">
        <test-method status="PASS" signature="browserInitiate()[pri:0, instance:org.vms.testscripts.CreateRoleTypeTest@4439f31e]" name="browserInitiate" is-config="true" duration-ms="6393" started-at="2019-03-01T17:29:11Z" finished-at="2019-03-01T17:29:18Z">
          <reporter-output>
          </reporter-output>
        </test-method> <!-- browserInitiate -->
        <test-method status="PASS" signature="testRoleCreate(java.lang.String, java.lang.String)[pri:0, instance:org.vms.testscripts.CreateRoleTypeTest@4439f31e]" name="testRoleCreate" duration-ms="6012" started-at="2019-03-01T17:29:18Z" data-provider="XL" finished-at="2019-03-01T17:29:24Z">
          <params>
            <param index="0">
              <value>
                <![CDATA[skvg]]>
              </value>
            </param>
            <param index="1">
              <value>
                <![CDATA[Shubham]]>
              </value>
            </param>
          </params>
          <reporter-output>
          </reporter-output>
        </test-method> <!-- testRoleCreate -->
        <test-method status="PASS" signature="browserInitiate()[pri:0, instance:org.vms.testscripts.CreateRoleTypeTest@4439f31e]" name="browserInitiate" is-config="true" duration-ms="6053" started-at="2019-03-01T17:29:24Z" finished-at="2019-03-01T17:29:30Z">
          <reporter-output>
          </reporter-output>
        </test-method> <!-- browserInitiate -->
        <test-method status="PASS" signature="testRoleCreate(java.lang.String, java.lang.String)[pri:0, instance:org.vms.testscripts.CreateRoleTypeTest@4439f31e]" name="testRoleCreate" duration-ms="5880" started-at="2019-03-01T17:29:30Z" data-provider="XL" finished-at="2019-03-01T17:29:35Z">
          <params>
            <param index="0">
              <value>
                <![CDATA[mklg]]>
              </value>
            </param>
            <param index="1">
              <value>
                <![CDATA[Mukul]]>
              </value>
            </param>
          </params>
          <reporter-output>
          </reporter-output>
        </test-method> <!-- testRoleCreate -->
      </class> <!-- org.vms.testscripts.CreateRoleTypeTest -->
    </test> <!-- Default test -->
  </suite> <!-- Default suite -->
</testng-results>
